2013-11-03 16:21:24.213 Tenant[22161:a0b] Multi-tasking -> Device: YES, App: YES
2013-11-03 16:21:25.755 Tenant[22161:a0b] Resetting plugins due to page load.
2013-11-03 16:21:26.223 Tenant[22161:a0b] Finished load of: file:///Users/edilio/Library/Application%20Support/iPhone%20Simulator/7.0/Applications/D9F7BC64-9A13-4203-9467-8236260EE59B/Tenant.app/www/index.html
2013-11-03 16:22:30.087 Tenant[22635:a0b] Multi-tasking -> Device: YES, App: YES
2013-11-03 16:22:30.244 Tenant[22635:a0b] Resetting plugins due to page load.
2013-11-03 16:22:30.489 Tenant[22635:a0b] Finished load of: file:///Users/edilio/Library/Application%20Support/iPhone%20Simulator/7.0/Applications/D9F7BC64-9A13-4203-9467-8236260EE59B/Tenant.app/www/index.html
2013-11-03 18:07:29.732 Tenant[25013:a0b] Multi-tasking -> Device: YES, App: YES
2013-11-03 18:07:29.897 Tenant[25013:a0b] Resetting plugins due to page load.
2013-11-03 18:07:30.162 Tenant[25013:a0b] Finished load of: file:///Users/edilio/Library/Application%20Support/iPhone%20Simulator/7.0/Applications/14AD16C3-A193-4BCA-82BF-CD191C495C62/Tenant.app/www/index.html
2014-02-01 14:23:48.921 Tenant[46842:a0b] Multi-tasking -> Device: YES, App: YES
2014-02-01 14:23:50.063 Tenant[46842:a0b] Resetting plugins due to page load.
2014-02-01 14:23:51.459 Tenant[46842:a0b] Finished load of: file:///Users/edilio/Library/Application%20Support/iPhone%20Simulator/7.0.3/Applications/CC7C6819-ECD4-48DD-BB54-EDBDC0F5D280/Tenant.app/www/index.html
2014-02-01 14:36:56.988 Tenant[47767:a0b] Multi-tasking -> Device: YES, App: YES
2014-02-01 14:36:57.124 Tenant[47767:a0b] Resetting plugins due to page load.
2014-02-01 14:36:57.359 Tenant[47767:a0b] Finished load of: file:///Users/edilio/Library/Application%20Support/iPhone%20Simulator/7.0.3/Applications/675AF0C0-9C04-46A8-94AE-27493D98D7CC/Tenant.app/www/index.html
2014-02-02 22:24:32.220 Tenant[49449:a0b] Multi-tasking -> Device: YES, App: YES
2014-02-02 22:24:32.359 Tenant[49449:a0b] Resetting plugins due to page load.
2014-02-02 22:24:32.961 Tenant[49449:a0b] Finished load of: file:///Users/edilio/Library/Application%20Support/iPhone%20Simulator/7.0.3/Applications/675AF0C0-9C04-46A8-94AE-27493D98D7CC/Tenant.app/www/index.html
2014-02-02 22:30:23.344 Tenant[49947:a0b] Multi-tasking -> Device: YES, App: YES
2014-02-02 22:30:23.635 Tenant[49947:a0b] Resetting plugins due to page load.
2014-02-02 22:30:24.047 Tenant[49947:a0b] Finished load of: file:///Users/edilio/Library/Application%20Support/iPhone%20Simulator/7.0.3/Applications/675AF0C0-9C04-46A8-94AE-27493D98D7CC/Tenant.app/www/index.html
